<?xml version="1.0" encoding="UTF-8"?>
<!-- Generated by org.testng.reporters.JUnitReportReporter -->
<testsuite skipped="1" hostname="s-PC" name="com.mystore.testcases.DatatDrivenTestLogin" tests="1" failures="0" timestamp="15 Aug 2020 03:17:08 GMT" time="0.000" errors="0">
  <testcase name="loginTest" time="0.000" classname="com.mystore.testcases.DatatDrivenTestLogin">
    <skipped/>
  </testcase> <!-- loginTest -->
</testsuite> <!-- com.mystore.testcases.DatatDrivenTestLogin -->
