<?xml version="1.0" encoding="UTF-8"?>
<!-- Generated by org.testng.reporters.JUnitReportReporter -->
<testsuite hostname="s-PC" name="com.mystore.roughWork.ExcelReader" tests="1" failures="0" timestamp="12 Aug 2020 14:05:15 GMT" time="3.139" errors="0">
  <testcase name="ReadExcel" time="3.139" classname="com.mystore.roughWork.ExcelReader"/>
</testsuite> <!-- com.mystore.roughWork.ExcelReader -->
