<?xml version="1.0" encoding="UTF-8"?>
<!-- Generated by org.testng.reporters.JUnitReportReporter -->
<testsuite skipped="0" hostname="s-PC" name="com.mystore.testcases.IndexPageTest" tests="3" failures="0" timestamp="14 Aug 2020 06:59:29 GMT" time="128.668" errors="0">
  <testcase name="validateLogoTest" time="44.174" classname="com.mystore.testcases.IndexPageTest"/>
  <testcase name="validateSignInTest" time="46.775" classname="com.mystore.testcases.IndexPageTest"/>
  <testcase name="validateSearchPageTest" time="37.719" classname="com.mystore.testcases.IndexPageTest"/>
</testsuite> <!-- com.mystore.testcases.IndexPageTest -->
