<?xml version="1.0" encoding="UTF-8"?>
<!-- Generated by org.testng.reporters.JUnitReportReporter -->
<testsuite skipped="0" hostname="s-PC" name="com.mystore.testcases.AccountCreationTest" tests="1" failures="0" timestamp="15 Aug 2020 03:27:32 GMT" time="52.632" errors="0">
  <testcase name="enterNewAccountDetails" time="52.632" classname="com.mystore.testcases.AccountCreationTest"/>
</testsuite> <!-- com.mystore.testcases.AccountCreationTest -->
