<?xml version="1.0" encoding="UTF-8"?>
<!-- Generated by org.testng.reporters.JUnitReportReporter -->
<testsuite skipped="0" hostname="s-PC" name="com.mystore.roughWork.ExtentReportTest" tests="2" failures="0" timestamp="14 Aug 2020 16:30:01 GMT" time="79.955" errors="0">
  <testcase name="test1" time="37.281" classname="com.mystore.roughWork.ExtentReportTest"/>
  <testcase name="test2" time="42.674" classname="com.mystore.roughWork.ExtentReportTest"/>
</testsuite> <!-- com.mystore.roughWork.ExtentReportTest -->
