<?xml version="1.0" encoding="UTF-8"?>
<!-- Generated by org.testng.reporters.JUnitReportReporter -->
<testsuite hostname="s-PC" name="com.mystore.roughWork.ExcelTestCase" tests="1" failures="0" timestamp="12 Aug 2020 14:30:25 GMT" time="1.862" errors="0">
  <testcase name="readExcelTest" time="1.862" classname="com.mystore.roughWork.ExcelTestCase"/>
</testsuite> <!-- com.mystore.roughWork.ExcelTestCase -->
