<?xml version="1.0" encoding="UTF-8"?>
<!-- Generated by org.testng.reporters.JUnitReportReporter -->
<testsuite skipped="0" hostname="s-PC" name="com.mystore.testcases.E2ETTest" tests="1" failures="0" timestamp="15 Aug 2020 03:17:08 GMT" time="91.003" errors="0">
  <testcase name="addOrderAndVerifyDetailsTest" time="91.003" classname="com.mystore.testcases.E2ETTest"/>
</testsuite> <!-- com.mystore.testcases.E2ETTest -->
